Traceback (most recent call last):
  File "/Users/langlois/.local/share/virtualenvs/L1-Algo-Prog-QBKqvp5g/lib/python3.9/site-packages/jupyter_cache/executors/utils.py", line 51, in single_nb_execution
    executenb(
  File "/Users/langlois/.local/share/virtualenvs/L1-Algo-Prog-QBKqvp5g/lib/python3.9/site-packages/nbclient/client.py", line 1085, in execute
    return NotebookClient(nb=nb, resources=resources, km=km, **kwargs).execute()
  File "/Users/langlois/.local/share/virtualenvs/L1-Algo-Prog-QBKqvp5g/lib/python3.9/site-packages/nbclient/util.py", line 84, in wrapped
    return just_run(coro(*args, **kwargs))
  File "/Users/langlois/.local/share/virtualenvs/L1-Algo-Prog-QBKqvp5g/lib/python3.9/site-packages/nbclient/util.py", line 62, in just_run
    return loop.run_until_complete(coro)
  File "/Library/Frameworks/Python.framework/Versions/3.9/lib/python3.9/asyncio/base_events.py", line 642, in run_until_complete
    return future.result()
  File "/Users/langlois/.local/share/virtualenvs/L1-Algo-Prog-QBKqvp5g/lib/python3.9/site-packages/nbclient/client.py", line 551, in async_execute
    await self.async_execute_cell(
  File "/Users/langlois/.local/share/virtualenvs/L1-Algo-Prog-QBKqvp5g/lib/python3.9/site-packages/nbclient/client.py", line 846, in async_execute_cell
    self._check_raise_for_error(cell, exec_reply)
  File "/Users/langlois/.local/share/virtualenvs/L1-Algo-Prog-QBKqvp5g/lib/python3.9/site-packages/nbclient/client.py", line 748, in _check_raise_for_error
    raise CellExecutionError.from_cell_and_msg(cell, exec_reply_content)
nbclient.exceptions.CellExecutionError: An error occurred while executing the following cell:
------------------
def f(n : int) -> int:
    """Calcul de factorielle n -- version récursive
    entrée : n 
    sortie n!
    """
    return n * f(n-1) # récursion

print("1! =", f(1))

------------------

[0;31m---------------------------------------------------------------------------[0m
[0;31mRecursionError[0m                            Traceback (most recent call last)
Input [0;32mIn [3][0m, in [0;36m<module>[0;34m[0m
[1;32m      2[0m     [38;5;124;03m"""Calcul de factorielle n -- version récursive[39;00m
[1;32m      3[0m [38;5;124;03m    entrée : n [39;00m
[1;32m      4[0m [38;5;124;03m    sortie n![39;00m
[1;32m      5[0m [38;5;124;03m    """[39;00m
[1;32m      6[0m     [38;5;28;01mreturn[39;00m n [38;5;241m*[39m f(n[38;5;241m-[39m[38;5;241m1[39m) [38;5;66;03m# récursion[39;00m
[0;32m----> 8[0m [38;5;28mprint[39m([38;5;124m"[39m[38;5;124m1! =[39m[38;5;124m"[39m, [43mf[49m[43m([49m[38;5;241;43m1[39;49m[43m)[49m)

Input [0;32mIn [3][0m, in [0;36mf[0;34m(n)[0m
[1;32m      1[0m [38;5;28;01mdef[39;00m [38;5;21mf[39m(n : [38;5;28mint[39m) [38;5;241m-[39m[38;5;241m>[39m [38;5;28mint[39m:
[1;32m      2[0m     [38;5;124;03m"""Calcul de factorielle n -- version récursive[39;00m
[1;32m      3[0m [38;5;124;03m    entrée : n [39;00m
[1;32m      4[0m [38;5;124;03m    sortie n![39;00m
[1;32m      5[0m [38;5;124;03m    """[39;00m
[0;32m----> 6[0m     [38;5;28;01mreturn[39;00m n [38;5;241m*[39m [43mf[49m[43m([49m[43mn[49m[38;5;241;43m-[39;49m[38;5;241;43m1[39;49m[43m)[49m

Input [0;32mIn [3][0m, in [0;36mf[0;34m(n)[0m
[1;32m      1[0m [38;5;28;01mdef[39;00m [38;5;21mf[39m(n : [38;5;28mint[39m) [38;5;241m-[39m[38;5;241m>[39m [38;5;28mint[39m:
[1;32m      2[0m     [38;5;124;03m"""Calcul de factorielle n -- version récursive[39;00m
[1;32m      3[0m [38;5;124;03m    entrée : n [39;00m
[1;32m      4[0m [38;5;124;03m    sortie n![39;00m
[1;32m      5[0m [38;5;124;03m    """[39;00m
[0;32m----> 6[0m     [38;5;28;01mreturn[39;00m n [38;5;241m*[39m [43mf[49m[43m([49m[43mn[49m[38;5;241;43m-[39;49m[38;5;241;43m1[39;49m[43m)[49m

    [0;31m[... skipping similar frames: f at line 6 (2970 times)][0m

Input [0;32mIn [3][0m, in [0;36mf[0;34m(n)[0m
[1;32m      1[0m [38;5;28;01mdef[39;00m [38;5;21mf[39m(n : [38;5;28mint[39m) [38;5;241m-[39m[38;5;241m>[39m [38;5;28mint[39m:
[1;32m      2[0m     [38;5;124;03m"""Calcul de factorielle n -- version récursive[39;00m
[1;32m      3[0m [38;5;124;03m    entrée : n [39;00m
[1;32m      4[0m [38;5;124;03m    sortie n![39;00m
[1;32m      5[0m [38;5;124;03m    """[39;00m
[0;32m----> 6[0m     [38;5;28;01mreturn[39;00m n [38;5;241m*[39m [43mf[49m[43m([49m[43mn[49m[38;5;241;43m-[39;49m[38;5;241;43m1[39;49m[43m)[49m

[0;31mRecursionError[0m: maximum recursion depth exceeded
RecursionError: maximum recursion depth exceeded

