Traceback (most recent call last):
  File "/Users/langlois/.local/share/virtualenvs/L1-Algo-Prog-QBKqvp5g/lib/python3.9/site-packages/jupyter_cache/executors/utils.py", line 51, in single_nb_execution
    executenb(
  File "/Users/langlois/.local/share/virtualenvs/L1-Algo-Prog-QBKqvp5g/lib/python3.9/site-packages/nbclient/client.py", line 1085, in execute
    return NotebookClient(nb=nb, resources=resources, km=km, **kwargs).execute()
  File "/Users/langlois/.local/share/virtualenvs/L1-Algo-Prog-QBKqvp5g/lib/python3.9/site-packages/nbclient/util.py", line 84, in wrapped
    return just_run(coro(*args, **kwargs))
  File "/Users/langlois/.local/share/virtualenvs/L1-Algo-Prog-QBKqvp5g/lib/python3.9/site-packages/nbclient/util.py", line 62, in just_run
    return loop.run_until_complete(coro)
  File "/Library/Frameworks/Python.framework/Versions/3.9/lib/python3.9/asyncio/base_events.py", line 642, in run_until_complete
    return future.result()
  File "/Users/langlois/.local/share/virtualenvs/L1-Algo-Prog-QBKqvp5g/lib/python3.9/site-packages/nbclient/client.py", line 551, in async_execute
    await self.async_execute_cell(
  File "/Users/langlois/.local/share/virtualenvs/L1-Algo-Prog-QBKqvp5g/lib/python3.9/site-packages/nbclient/client.py", line 846, in async_execute_cell
    self._check_raise_for_error(cell, exec_reply)
  File "/Users/langlois/.local/share/virtualenvs/L1-Algo-Prog-QBKqvp5g/lib/python3.9/site-packages/nbclient/client.py", line 748, in _check_raise_for_error
    raise CellExecutionError.from_cell_and_msg(cell, exec_reply_content)
nbclient.exceptions.CellExecutionError: An error occurred while executing the following cell:
------------------
try :
    x = float(input("Un float stp :"))
    print("Son inverse vaut", 1./x)
except ZeroDivisionError :
    x = float(input("Un float NON NUL stp :"))
    print("Son inverse vaut", 1./x)
except:
    print("Désolé : on ne peut rien pour toi")
    raise
print("et on vérifie : x * 1/x =", x * 1/x)
------------------

[0;31m---------------------------------------------------------------------------[0m
[0;31mStdinNotImplementedError[0m                  Traceback (most recent call last)
Input [0;32mIn [2][0m, in [0;36m<module>[0;34m[0m
[1;32m      1[0m [38;5;28;01mtry[39;00m :
[0;32m----> 2[0m     x [38;5;241m=[39m [38;5;28mfloat[39m([38;5;28;43minput[39;49m[43m([49m[38;5;124;43m"[39;49m[38;5;124;43mUn float stp :[39;49m[38;5;124;43m"[39;49m[43m)[49m)
[1;32m      3[0m     [38;5;28mprint[39m([38;5;124m"[39m[38;5;124mSon inverse vaut[39m[38;5;124m"[39m, [38;5;241m1.[39m[38;5;241m/[39mx)
[1;32m      4[0m [38;5;28;01mexcept[39;00m [38;5;167;01mZeroDivisionError[39;00m :

File [0;32m~/.local/share/virtualenvs/L1-Algo-Prog-QBKqvp5g/lib/python3.9/site-packages/ipykernel/kernelbase.py:1041[0m, in [0;36mKernel.raw_input[0;34m(self, prompt)[0m
[1;32m   1034[0m [38;5;124;03m"""Forward raw_input to frontends[39;00m
[1;32m   1035[0m 
[1;32m   1036[0m [38;5;124;03mRaises[39;00m
[1;32m   1037[0m [38;5;124;03m------[39;00m
[1;32m   1038[0m [38;5;124;03mStdinNotImplementedError if active frontend doesn't support stdin.[39;00m
[1;32m   1039[0m [38;5;124;03m"""[39;00m
[1;32m   1040[0m [38;5;28;01mif[39;00m [38;5;129;01mnot[39;00m [38;5;28mself[39m[38;5;241m.[39m_allow_stdin:
[0;32m-> 1041[0m     [38;5;28;01mraise[39;00m StdinNotImplementedError(
[1;32m   1042[0m         [38;5;124m"[39m[38;5;124mraw_input was called, but this frontend does not support input requests.[39m[38;5;124m"[39m
[1;32m   1043[0m     )
[1;32m   1044[0m [38;5;28;01mreturn[39;00m [38;5;28mself[39m[38;5;241m.[39m_input_request(
[1;32m   1045[0m     [38;5;28mstr[39m(prompt),
[1;32m   1046[0m     [38;5;28mself[39m[38;5;241m.[39m_parent_ident[[38;5;124m"[39m[38;5;124mshell[39m[38;5;124m"[39m],
[1;32m   1047[0m     [38;5;28mself[39m[38;5;241m.[39mget_parent([38;5;124m"[39m[38;5;124mshell[39m[38;5;124m"[39m),
[1;32m   1048[0m     password[38;5;241m=[39m[38;5;28;01mFalse[39;00m,
[1;32m   1049[0m )

[0;31mStdinNotImplementedError[0m: raw_input was called, but this frontend does not support input requests.
StdinNotImplementedError: raw_input was called, but this frontend does not support input requests.

